<?xml version="1.0" encoding="UTF-8"?>
<testng-results skipped="0" failed="0" ignored="0" total="1" passed="1">
  <reporter-output>
  </reporter-output>
  <suite name="Default suite" duration-ms="30677" started-at="2017-08-16T07:24:38Z" finished-at="2017-08-16T07:25:09Z">
    <groups>
    </groups>
    <test name="Default test" duration-ms="30677" started-at="2017-08-16T07:24:38Z" finished-at="2017-08-16T07:25:09Z">
      <class name="ElemIsNotClickExep.YahooMailCheckBox">
        <test-method status="PASS" signature="setUp()[pri:0, instance:ElemIsNotClickExep.YahooMailCheckBox@3ffc5af1]" name="setUp" is-config="true" duration-ms="25993" started-at="2017-08-16T10:24:39Z" finished-at="2017-08-16T10:25:04Z">
          <reporter-output>
          </reporter-output>
        </test-method> <!-- setUp -->
        <test-method status="PASS" signature="SolveExep()[pri:0, instance:ElemIsNotClickExep.YahooMailCheckBox@3ffc5af1]" name="SolveExep" duration-ms="529" started-at="2017-08-16T10:25:05Z" finished-at="2017-08-16T10:25:05Z">
          <reporter-output>
          </reporter-output>
        </test-method> <!-- SolveExep -->
        <test-method status="PASS" signature="tearDown()[pri:0, instance:ElemIsNotClickExep.YahooMailCheckBox@3ffc5af1]" name="tearDown" is-config="true" duration-ms="4110" started-at="2017-08-16T10:25:05Z" finished-at="2017-08-16T10:25:09Z">
          <reporter-output>
          </reporter-output>
        </test-method> <!-- tearDown -->
      </class> <!-- ElemIsNotClickExep.YahooMailCheckBox -->
    </test> <!-- Default test -->
  </suite> <!-- Default suite -->
</testng-results>
