<?xml version="1.0" encoding="UTF-8"?>
<testng-results skipped="0" failed="0" ignored="0" total="1" passed="1">
  <reporter-output>
  </reporter-output>
  <suite name="Default suite" duration-ms="7748" started-at="2017-08-11T15:30:29Z" finished-at="2017-08-11T15:30:37Z">
    <groups>
    </groups>
    <test name="Default test" duration-ms="7748" started-at="2017-08-11T15:30:29Z" finished-at="2017-08-11T15:30:37Z">
      <class name="Scroll.ScrollIntoView">
        <test-method status="PASS" signature="setUp()[pri:0, instance:Scroll.ScrollIntoView@3ffc5af1]" name="setUp" is-config="true" duration-ms="6293" started-at="2017-08-11T18:30:29Z" finished-at="2017-08-11T18:30:35Z">
          <reporter-output>
          </reporter-output>
        </test-method> <!-- setUp -->
        <test-method status="PASS" signature="scrollViev()[pri:0, instance:Scroll.ScrollIntoView@3ffc5af1]" name="scrollViev" duration-ms="400" started-at="2017-08-11T18:30:35Z" finished-at="2017-08-11T18:30:36Z">
          <reporter-output>
          </reporter-output>
        </test-method> <!-- scrollViev -->
        <test-method status="PASS" signature="tearDown()[pri:0, instance:Scroll.ScrollIntoView@3ffc5af1]" name="tearDown" is-config="true" duration-ms="1030" started-at="2017-08-11T18:30:36Z" finished-at="2017-08-11T18:30:37Z">
          <reporter-output>
          </reporter-output>
        </test-method> <!-- tearDown -->
      </class> <!-- Scroll.ScrollIntoView -->
    </test> <!-- Default test -->
  </suite> <!-- Default suite -->
</testng-results>
